<?xml version="1.0" encoding="UTF-8"?>
<!-- Generated by org.testng.reporters.JUnitXMLReporter -->
<testsuite hostname="E0252272" name="Demo Test" tests="4" failures="0" timestamp="2 Jul 2019 10:26:58 GMT" time="132.054" errors="0">
  <testcase name="verifyFacebookLiteOption" time="13.657" classname="loginPageServices.VerifyLoginPageServices"/>
  <testcase name="verifyMessengerOption" time="15.941" classname="loginPageServices.VerifyLoginPageServices"/>
  <testcase name="verifySignup" time="33.664" classname="loginPageServices.VerifyLoginPageServices"/>
  <testcase name="verifyWatchOption" time="44.329" classname="loginPageServices.VerifyLoginPageServices"/>
</testsuite> <!-- Demo Test -->
